/home/ubuntu/go/pkg/mod/k8s.io/apimachinery@v0.35.0/pkg/runtime/types.go:131:2: encountered struct field "ContentEncoding" without JSON tag in type "Unknown"
/home/ubuntu/go/pkg/mod/k8s.io/apimachinery@v0.35.0/pkg/runtime/types.go:134:2: encountered struct field "ContentType" without JSON tag in type "Unknown"
/home/ubuntu/go/pkg/mod/k8s.io/apiserver@v0.35.0/pkg/apis/apiserver/v1/types_encryption.go:71:2: encountered struct field "" without JSON tag in type "EncryptionConfiguration"
/home/ubuntu/go/pkg/mod/github.com/bhartigautam156/rke@v0.0.0-20260105055322-f255d24b8c6a/types/rke_types.go:478:2: encountered struct field "" without JSON tag in type "ExtraEnv"
/home/ubuntu/go/pkg/mod/github.com/bhartigautam156/rke@v0.0.0-20260105055322-f255d24b8c6a/types/rke_types.go:482:2: encountered struct field "" without JSON tag in type "ExtraVolume"
/home/ubuntu/go/pkg/mod/github.com/bhartigautam156/rke@v0.0.0-20260105055322-f255d24b8c6a/types/rke_types.go:486:2: encountered struct field "" without JSON tag in type "ExtraVolumeMount"
/home/ubuntu/go/pkg/mod/github.com/bhartigautam156/rke@v0.0.0-20260105055322-f255d24b8c6a/types/rke_types.go:1057:28: found float, the usage of which is highly discouraged, as support for them varies across languages. Please consider serializing your float as string instead. If you are really sure you want to use them, re-run with crd:allowDangerousTypes=true
/home/ubuntu/go/pkg/mod/github.com/bhartigautam156/rke@v0.0.0-20260105055322-f255d24b8c6a/types/rke_types.go:1058:28: found float, the usage of which is highly discouraged, as support for them varies across languages. Please consider serializing your float as string instead. If you are really sure you want to use them, re-run with crd:allowDangerousTypes=true
/home/ubuntu/rancher/pkg/apis/management.cattle.io/v3/cluster_types.go:257:36: not a supported map value type: *ast.InterfaceType
/home/ubuntu/rancher/pkg/apis/management.cattle.io/v3/machine_types.go:394:2: encountered struct field "" without JSON tag in type "CloudCredential"
/home/ubuntu/rancher/pkg/apis/management.cattle.io/v3/machine_types.go:409:2: encountered struct field "AccessKey" without JSON tag in type "S3CredentialConfig"
/home/ubuntu/rancher/pkg/apis/management.cattle.io/v3/machine_types.go:410:2: encountered struct field "SecretKey" without JSON tag in type "S3CredentialConfig"
/home/ubuntu/rancher/pkg/apis/management.cattle.io/v3/machine_types.go:411:2: encountered struct field "DefaultRegion" without JSON tag in type "S3CredentialConfig"
/home/ubuntu/rancher/pkg/apis/management.cattle.io/v3/machine_types.go:412:2: encountered struct field "DefaultEndpoint" without JSON tag in type "S3CredentialConfig"
/home/ubuntu/rancher/pkg/apis/management.cattle.io/v3/machine_types.go:413:2: encountered struct field "DefaultEndpointCA" without JSON tag in type "S3CredentialConfig"
/home/ubuntu/rancher/pkg/apis/management.cattle.io/v3/machine_types.go:414:2: encountered struct field "DefaultSkipSSLVerify" without JSON tag in type "S3CredentialConfig"
/home/ubuntu/rancher/pkg/apis/management.cattle.io/v3/machine_types.go:415:2: encountered struct field "DefaultBucket" without JSON tag in type "S3CredentialConfig"
/home/ubuntu/rancher/pkg/apis/management.cattle.io/v3/machine_types.go:416:2: encountered struct field "DefaultFolder" without JSON tag in type "S3CredentialConfig"
/home/ubuntu/rancher/pkg/apis/management.cattle.io/v3/cluster_types.go:150:2: encountered struct field "" without JSON tag in type "ClusterSpec"
/home/ubuntu/rancher/pkg/apis/management.cattle.io/v3/cluster_types.go:284:2: encountered struct field "" without JSON tag in type "ClusterRegistrationToken"
/home/ubuntu/rancher/pkg/apis/management.cattle.io/v3/cluster_template_types.go:38:2: encountered struct field "" without JSON tag in type "ClusterTemplate"
/home/ubuntu/rancher/pkg/apis/management.cattle.io/v3/cluster_template_types.go:69:2: encountered struct field "" without JSON tag in type "ClusterTemplateRevision"
/home/ubuntu/rancher/pkg/apis/management.cattle.io/v3/rke_types.go:14:2: encountered struct field "" without JSON tag in type "EtcdBackup"
/home/ubuntu/rancher/pkg/apis/management.cattle.io/v3/managed_chart.go:41:2: encountered struct field "" without JSON tag in type "ManagedChartStatus"
/home/ubuntu/rancher/pkg/apis/management.cattle.io/v3/machine_types.go:63:2: encountered struct field "" without JSON tag in type "Node"
/home/ubuntu/rancher/pkg/apis/management.cattle.io/v3/machine_types.go:108:2: encountered struct field "ID" without JSON tag in type "DockerInfo"
/home/ubuntu/rancher/pkg/apis/management.cattle.io/v3/machine_types.go:109:2: encountered struct field "Driver" without JSON tag in type "DockerInfo"
/home/ubuntu/rancher/pkg/apis/management.cattle.io/v3/machine_types.go:110:2: encountered struct field "Debug" without JSON tag in type "DockerInfo"
/home/ubuntu/rancher/pkg/apis/management.cattle.io/v3/machine_types.go:111:2: encountered struct field "LoggingDriver" without JSON tag in type "DockerInfo"
/home/ubuntu/rancher/pkg/apis/management.cattle.io/v3/machine_types.go:112:2: encountered struct field "CgroupDriver" without JSON tag in type "DockerInfo"
/home/ubuntu/rancher/pkg/apis/management.cattle.io/v3/machine_types.go:113:2: encountered struct field "KernelVersion" without JSON tag in type "DockerInfo"
/home/ubuntu/rancher/pkg/apis/management.cattle.io/v3/machine_types.go:114:2: encountered struct field "OperatingSystem" without JSON tag in type "DockerInfo"
/home/ubuntu/rancher/pkg/apis/management.cattle.io/v3/machine_types.go:115:2: encountered struct field "OSType" without JSON tag in type "DockerInfo"
/home/ubuntu/rancher/pkg/apis/management.cattle.io/v3/machine_types.go:116:2: encountered struct field "Architecture" without JSON tag in type "DockerInfo"
/home/ubuntu/rancher/pkg/apis/management.cattle.io/v3/machine_types.go:117:2: encountered struct field "IndexServerAddress" without JSON tag in type "DockerInfo"
/home/ubuntu/rancher/pkg/apis/management.cattle.io/v3/machine_types.go:118:2: encountered struct field "InitBinary" without JSON tag in type "DockerInfo"
/home/ubuntu/rancher/pkg/apis/management.cattle.io/v3/machine_types.go:119:2: encountered struct field "DockerRootDir" without JSON tag in type "DockerInfo"
/home/ubuntu/rancher/pkg/apis/management.cattle.io/v3/machine_types.go:120:2: encountered struct field "SecurityOptions" without JSON tag in type "DockerInfo"
/home/ubuntu/rancher/pkg/apis/management.cattle.io/v3/machine_types.go:121:2: encountered struct field "HTTPProxy" without JSON tag in type "DockerInfo"
/home/ubuntu/rancher/pkg/apis/management.cattle.io/v3/machine_types.go:122:2: encountered struct field "HTTPSProxy" without JSON tag in type "DockerInfo"
/home/ubuntu/rancher/pkg/apis/management.cattle.io/v3/machine_types.go:123:2: encountered struct field "NoProxy" without JSON tag in type "DockerInfo"
/home/ubuntu/rancher/pkg/apis/management.cattle.io/v3/machine_types.go:124:2: encountered struct field "Name" without JSON tag in type "DockerInfo"
/home/ubuntu/rancher/pkg/apis/management.cattle.io/v3/machine_types.go:125:2: encountered struct field "Labels" without JSON tag in type "DockerInfo"
/home/ubuntu/rancher/pkg/apis/management.cattle.io/v3/machine_types.go:126:2: encountered struct field "ExperimentalBuild" without JSON tag in type "DockerInfo"
/home/ubuntu/rancher/pkg/apis/management.cattle.io/v3/machine_types.go:127:2: encountered struct field "ServerVersion" without JSON tag in type "DockerInfo"
/home/ubuntu/rancher/pkg/apis/management.cattle.io/v3/machine_types.go:166:2: encountered struct field "" without JSON tag in type "NodePool"
/home/ubuntu/rancher/pkg/apis/management.cattle.io/v3/machine_types.go:18:2: encountered struct field "" without JSON tag in type "NodeTemplate"
/home/ubuntu/rancher/pkg/apis/management.cattle.io/v3/user_types.go:13:2: encountered struct field "" without JSON tag in type "Preference"
/home/ubuntu/rancher/pkg/apis/management.cattle.io/v3/network_policy_types.go:30:2: encountered struct field "" without JSON tag in type "ProjectNetworkPolicy"
/home/ubuntu/rancher/pkg/apis/management.cattle.io/v3/rke_types.go:54:2: encountered struct field "" without JSON tag in type "RkeAddon"
/home/ubuntu/rancher/pkg/apis/management.cattle.io/v3/rke_types.go:42:2: encountered struct field "" without JSON tag in type "RkeK8sServiceOption"
/home/ubuntu/rancher/pkg/apis/management.cattle.io/v3/rke_types.go:30:2: encountered struct field "" without JSON tag in type "RkeK8sSystemImage"
/home/ubuntu/rancher/pkg/apis/management.cattle.io/v3/authn_types.go:336:2: encountered struct field "" without JSON tag in type "SamlToken"
/home/ubuntu/rancher/pkg/apis/management.cattle.io/v3/authn_types.go:213:2: encountered struct field "UserName" without JSON tag in type "UserAttribute"
/home/ubuntu/rancher/pkg/apis/management.cattle.io/v3/authn_types.go:214:2: encountered struct field "GroupPrincipals" without JSON tag in type "UserAttribute"
/home/ubuntu/rancher/pkg/apis/management.cattle.io/v3/authn_types.go:215:2: encountered struct field "LastRefresh" without JSON tag in type "UserAttribute"
/home/ubuntu/rancher/pkg/apis/management.cattle.io/v3/authn_types.go:216:2: encountered struct field "NeedsRefresh" without JSON tag in type "UserAttribute"
/home/ubuntu/rancher/pkg/apis/management.cattle.io/v3/authn_types.go:217:2: encountered struct field "ExtraByProvider" without JSON tag in type "UserAttribute"
/home/ubuntu/rancher/pkg/apis/cluster.cattle.io/v3/types.go:30:2: encountered struct field "" without JSON tag in type "ClusterAuthToken"
/home/ubuntu/rancher/pkg/apis/cluster.cattle.io/v3/types.go:13:2: encountered struct field "" without JSON tag in type "ClusterUserAttribute"
/home/ubuntu/rancher/pkg/apis/project.cattle.io/v3/types.go:96:2: encountered struct field "" without JSON tag in type "BasicAuth"
/home/ubuntu/rancher/pkg/apis/project.cattle.io/v3/types.go:64:2: encountered struct field "" without JSON tag in type "Certificate"
/home/ubuntu/rancher/pkg/apis/project.cattle.io/v3/types.go:36:2: encountered struct field "" without JSON tag in type "DockerCredential"
/home/ubuntu/rancher/pkg/apis/project.cattle.io/v3/types.go:117:2: encountered struct field "" without JSON tag in type "SSHAuth"
/home/ubuntu/rancher/pkg/apis/project.cattle.io/v3/types.go:13:2: encountered struct field "" without JSON tag in type "ServiceAccountToken"
/home/ubuntu/rancher/pkg/apis/project.cattle.io/v3/types.go:156:2: encountered struct field "" without JSON tag in type "Workload"
Error: not all generators ran successfully
run `controller-gen crd:generateEmbeddedObjectMeta=true,allowDangerousTypes=false paths=./pkg/apis/... output:crd:dir=./pkg/crds/yaml/generated -w` to see all available markers, or `controller-gen crd:generateEmbeddedObjectMeta=true,allowDangerousTypes=false paths=./pkg/apis/... output:crd:dir=./pkg/crds/yaml/generated -h` for usage
